androidApp/build/intermediates/manifest_merge_blame_file/debug/manifest-merger-blame-debug-report.txt
1<?xml version="1.0" encoding="utf-8"?>
2<manifest xmlns:android="http://schemas.android.com/apk/res/android"
3    package="me.ag.poket.androidApp"
4    android:versionCode="1"
5    android:versionName="1.0" >
6
7    <uses-sdk
8        android:minSdkVersion="24"
8-->src/main/AndroidManifest.xml
9        android:targetSdkVersion="29" />
9-->src/main/AndroidManifest.xml
10
11    <application
11-->src/main/AndroidManifest.xml:5:5-17:19
12        android:name="me.ag.poket.androidApp.App"
12-->src/main/AndroidManifest.xml:6:9-28
13        android:allowBackup="false"
13-->src/main/AndroidManifest.xml:7:9-36
14        android:appComponentFactory="androidx.core.app.CoreComponentFactory"
14-->[androidx.core:core:1.3.0] AndroidManifest.xml:24:18-86
15        android:debuggable="true"
16        android:extractNativeLibs="false"
17        android:supportsRtl="true"
17-->src/main/AndroidManifest.xml:8:9-35
18        android:testOnly="true"
19        android:theme="@style/AppTheme" >
19-->src/main/AndroidManifest.xml:9:9-40
20        <activity android:name="me.ag.poket.androidApp.MainActivity" >
20-->src/main/AndroidManifest.xml:10:9-16:20
20-->src/main/AndroidManifest.xml:10:19-47
21            <intent-filter>
21-->src/main/AndroidManifest.xml:11:13-15:29
22                <action android:name="android.intent.action.MAIN" />
22-->src/main/AndroidManifest.xml:12:17-69
22-->src/main/AndroidManifest.xml:12:25-66
23
24                <category android:name="android.intent.category.LAUNCHER" />
24-->src/main/AndroidManifest.xml:14:17-77
24-->src/main/AndroidManifest.xml:14:27-74
25            </intent-filter>
26        </activity>
27    </application>
28
29</manifest>